<?xml version="1.0" encoding="UTF-8"?>
<!-- Generated by org.testng.reporters.JUnitXMLReporter -->
<testsuite hostname="Lokesh-PC" name="Test 1" tests="8" failures="0" timestamp="26 Mar 2019 00:17:14 GMT" time="0.068" errors="0">
  <testcase name="test2" time="0.008" classname="TestNGAnnotations.Module1"/>
  <testcase name="test1" time="0.001" classname="TestNGAnnotations.Module1"/>
  <testcase name="test3" time="0.001" classname="TestNGAnnotations.Module1"/>
  <testcase name="test4" time="0.001" classname="TestNGAnnotations.Module1"/>
  <testcase name="test2" time="0.002" classname="TestNGAnnotations.Module3"/>
  <testcase name="test1" time="0.001" classname="TestNGAnnotations.Module3"/>
  <testcase name="test3" time="0.002" classname="TestNGAnnotations.Module3"/>
  <testcase name="test4" time="0.002" classname="TestNGAnnotations.Module3"/>
</testsuite> <!-- Test 1 -->
