<?xml version="1.0" encoding="UTF-8"?>
<!-- Generated by org.testng.reporters.JUnitXMLReporter -->
<testsuite hostname="Lokesh-PC" name="Test 2" tests="8" failures="0" timestamp="26 Mar 2019 00:17:14 GMT" time="0.038" errors="0">
  <testcase name="test2" time="0.001" classname="TestNGAnnotations.Module2"/>
  <testcase name="test1" time="0.001" classname="TestNGAnnotations.Module2"/>
  <testcase name="test3" time="0.001" classname="TestNGAnnotations.Module2"/>
  <testcase name="test4" time="0.001" classname="TestNGAnnotations.Module2"/>
  <testcase name="test2" time="0.001" classname="TestNGAnnotations.Module4"/>
  <testcase name="test1" time="0.001" classname="TestNGAnnotations.Module4"/>
  <testcase name="test3" time="0.001" classname="TestNGAnnotations.Module4"/>
  <testcase name="test4" time="0.0" classname="TestNGAnnotations.Module4"/>
</testsuite> <!-- Test 2 -->
