<?xml version="1.0" encoding="UTF-8"?>
<testng-results skipped="0" failed="0" total="16" passed="16">
  <reporter-output>
  </reporter-output>
  <suite name="Suite" duration-ms="164" started-at="2019-03-26T00:17:14Z" finished-at="2019-03-26T00:17:14Z">
    <groups>
    </groups>
    <test name="Test 1" duration-ms="68" started-at="2019-03-26T00:17:14Z" finished-at="2019-03-26T00:17:14Z">
      <class name="TestNGAnnotations.Module1">
        <test-method status="PASS" signature="beforeTest()[pri:0, instance:TestNGAnnotations.Module1@282ba1e]" name="beforeTest" is-config="true" duration-ms="1" started-at="2019-03-26T05:47:14Z" finished-at="2019-03-26T05:47:14Z">
          <reporter-output>
          </reporter-output>
        </test-method> <!-- beforeTest -->
        <test-method status="PASS" signature="beforeClass()[pri:0, instance:TestNGAnnotations.Module1@282ba1e]" name="beforeClass" is-config="true" duration-ms="0" started-at="2019-03-26T05:47:14Z" finished-at="2019-03-26T05:47:14Z">
          <reporter-output>
          </reporter-output>
        </test-method> <!-- beforeClass -->
        <test-method status="PASS" signature="beforeMethod()[pri:0, instance:TestNGAnnotations.Module1@282ba1e]" name="beforeMethod" is-config="true" duration-ms="1" started-at="2019-03-26T05:47:14Z" finished-at="2019-03-26T05:47:14Z">
          <reporter-output>
          </reporter-output>
        </test-method> <!-- beforeMethod -->
        <test-method status="PASS" signature="test2()[pri:0, instance:TestNGAnnotations.Module1@282ba1e]" name="test2" duration-ms="8" started-at="2019-03-26T05:47:14Z" finished-at="2019-03-26T05:47:14Z">
          <reporter-output>
          </reporter-output>
        </test-method> <!-- test2 -->
        <test-method status="PASS" signature="AfterMethod()[pri:0, instance:TestNGAnnotations.Module1@282ba1e]" name="AfterMethod" is-config="true" duration-ms="1" started-at="2019-03-26T05:47:14Z" finished-at="2019-03-26T05:47:14Z">
          <reporter-output>
          </reporter-output>
        </test-method> <!-- AfterMethod -->
        <test-method status="PASS" signature="test1()[pri:1, instance:TestNGAnnotations.Module1@282ba1e]" name="test1" duration-ms="1" started-at="2019-03-26T05:47:14Z" finished-at="2019-03-26T05:47:14Z">
          <reporter-output>
          </reporter-output>
        </test-method> <!-- test1 -->
        <test-method status="PASS" signature="beforeMethod()[pri:0, instance:TestNGAnnotations.Module1@282ba1e]" name="beforeMethod" is-config="true" duration-ms="0" started-at="2019-03-26T05:47:14Z" finished-at="2019-03-26T05:47:14Z">
          <reporter-output>
          </reporter-output>
        </test-method> <!-- beforeMethod -->
        <test-method status="PASS" signature="AfterMethod()[pri:0, instance:TestNGAnnotations.Module1@282ba1e]" name="AfterMethod" is-config="true" duration-ms="0" started-at="2019-03-26T05:47:14Z" finished-at="2019-03-26T05:47:14Z">
          <reporter-output>
          </reporter-output>
        </test-method> <!-- AfterMethod -->
        <test-method status="PASS" signature="test3()[pri:2, instance:TestNGAnnotations.Module1@282ba1e]" name="test3" duration-ms="1" started-at="2019-03-26T05:47:14Z" finished-at="2019-03-26T05:47:14Z">
          <reporter-output>
          </reporter-output>
        </test-method> <!-- test3 -->
        <test-method status="PASS" signature="beforeMethod()[pri:0, instance:TestNGAnnotations.Module1@282ba1e]" name="beforeMethod" is-config="true" duration-ms="0" started-at="2019-03-26T05:47:14Z" finished-at="2019-03-26T05:47:14Z">
          <reporter-output>
          </reporter-output>
        </test-method> <!-- beforeMethod -->
        <test-method status="PASS" signature="AfterMethod()[pri:0, instance:TestNGAnnotations.Module1@282ba1e]" name="AfterMethod" is-config="true" duration-ms="1" started-at="2019-03-26T05:47:14Z" finished-at="2019-03-26T05:47:14Z">
          <reporter-output>
          </reporter-output>
        </test-method> <!-- AfterMethod -->
        <test-method status="PASS" signature="beforeMethod()[pri:0, instance:TestNGAnnotations.Module1@282ba1e]" name="beforeMethod" is-config="true" duration-ms="1" started-at="2019-03-26T05:47:14Z" finished-at="2019-03-26T05:47:14Z">
          <reporter-output>
          </reporter-output>
        </test-method> <!-- beforeMethod -->
        <test-method status="PASS" signature="test4()[pri:3, instance:TestNGAnnotations.Module1@282ba1e]" name="test4" duration-ms="1" started-at="2019-03-26T05:47:14Z" finished-at="2019-03-26T05:47:14Z">
          <reporter-output>
          </reporter-output>
        </test-method> <!-- test4 -->
        <test-method status="PASS" signature="AfterMethod()[pri:0, instance:TestNGAnnotations.Module1@282ba1e]" name="AfterMethod" is-config="true" duration-ms="0" started-at="2019-03-26T05:47:14Z" finished-at="2019-03-26T05:47:14Z">
          <reporter-output>
          </reporter-output>
        </test-method> <!-- AfterMethod -->
        <test-method status="PASS" signature="afterClass()[pri:0, instance:TestNGAnnotations.Module1@282ba1e]" name="afterClass" is-config="true" duration-ms="0" started-at="2019-03-26T05:47:14Z" finished-at="2019-03-26T05:47:14Z">
          <reporter-output>
          </reporter-output>
        </test-method> <!-- afterClass -->
        <test-method status="PASS" signature="afterTest()[pri:0, instance:TestNGAnnotations.Module1@282ba1e]" name="afterTest" is-config="true" duration-ms="0" started-at="2019-03-26T05:47:14Z" finished-at="2019-03-26T05:47:14Z">
          <reporter-output>
          </reporter-output>
        </test-method> <!-- afterTest -->
      </class> <!-- TestNGAnnotations.Module1 -->
      <class name="TestNGAnnotations.Module3">
        <test-method status="PASS" signature="beforeClass()[pri:0, instance:TestNGAnnotations.Module3@13b6d03]" name="beforeClass" is-config="true" duration-ms="0" started-at="2019-03-26T05:47:14Z" finished-at="2019-03-26T05:47:14Z">
          <reporter-output>
          </reporter-output>
        </test-method> <!-- beforeClass -->
        <test-method status="PASS" signature="test2()[pri:0, instance:TestNGAnnotations.Module3@13b6d03]" name="test2" duration-ms="2" started-at="2019-03-26T05:47:14Z" finished-at="2019-03-26T05:47:14Z">
          <reporter-output>
          </reporter-output>
        </test-method> <!-- test2 -->
        <test-method status="PASS" signature="beforeMethod()[pri:0, instance:TestNGAnnotations.Module3@13b6d03]" name="beforeMethod" is-config="true" duration-ms="0" started-at="2019-03-26T05:47:14Z" finished-at="2019-03-26T05:47:14Z">
          <reporter-output>
          </reporter-output>
        </test-method> <!-- beforeMethod -->
        <test-method status="PASS" signature="AfterMethod()[pri:0, instance:TestNGAnnotations.Module3@13b6d03]" name="AfterMethod" is-config="true" duration-ms="1" started-at="2019-03-26T05:47:14Z" finished-at="2019-03-26T05:47:14Z">
          <reporter-output>
          </reporter-output>
        </test-method> <!-- AfterMethod -->
        <test-method status="PASS" signature="beforeMethod()[pri:0, instance:TestNGAnnotations.Module3@13b6d03]" name="beforeMethod" is-config="true" duration-ms="1" started-at="2019-03-26T05:47:14Z" finished-at="2019-03-26T05:47:14Z">
          <reporter-output>
          </reporter-output>
        </test-method> <!-- beforeMethod -->
        <test-method status="PASS" signature="test1()[pri:1, instance:TestNGAnnotations.Module3@13b6d03]" name="test1" duration-ms="1" started-at="2019-03-26T05:47:14Z" finished-at="2019-03-26T05:47:14Z">
          <reporter-output>
          </reporter-output>
        </test-method> <!-- test1 -->
        <test-method status="PASS" signature="AfterMethod()[pri:0, instance:TestNGAnnotations.Module3@13b6d03]" name="AfterMethod" is-config="true" duration-ms="0" started-at="2019-03-26T05:47:14Z" finished-at="2019-03-26T05:47:14Z">
          <reporter-output>
          </reporter-output>
        </test-method> <!-- AfterMethod -->
        <test-method status="PASS" signature="beforeMethod()[pri:0, instance:TestNGAnnotations.Module3@13b6d03]" name="beforeMethod" is-config="true" duration-ms="0" started-at="2019-03-26T05:47:14Z" finished-at="2019-03-26T05:47:14Z">
          <reporter-output>
          </reporter-output>
        </test-method> <!-- beforeMethod -->
        <test-method status="PASS" signature="test3()[pri:2, instance:TestNGAnnotations.Module3@13b6d03]" name="test3" duration-ms="2" started-at="2019-03-26T05:47:14Z" finished-at="2019-03-26T05:47:14Z">
          <reporter-output>
          </reporter-output>
        </test-method> <!-- test3 -->
        <test-method status="PASS" signature="AfterMethod()[pri:0, instance:TestNGAnnotations.Module3@13b6d03]" name="AfterMethod" is-config="true" duration-ms="1" started-at="2019-03-26T05:47:14Z" finished-at="2019-03-26T05:47:14Z">
          <reporter-output>
          </reporter-output>
        </test-method> <!-- AfterMethod -->
        <test-method status="PASS" signature="test4()[pri:3, instance:TestNGAnnotations.Module3@13b6d03]" name="test4" duration-ms="2" started-at="2019-03-26T05:47:14Z" finished-at="2019-03-26T05:47:14Z">
          <reporter-output>
          </reporter-output>
        </test-method> <!-- test4 -->
        <test-method status="PASS" signature="beforeMethod()[pri:0, instance:TestNGAnnotations.Module3@13b6d03]" name="beforeMethod" is-config="true" duration-ms="0" started-at="2019-03-26T05:47:14Z" finished-at="2019-03-26T05:47:14Z">
          <reporter-output>
          </reporter-output>
        </test-method> <!-- beforeMethod -->
        <test-method status="PASS" signature="AfterMethod()[pri:0, instance:TestNGAnnotations.Module3@13b6d03]" name="AfterMethod" is-config="true" duration-ms="2" started-at="2019-03-26T05:47:14Z" finished-at="2019-03-26T05:47:14Z">
          <reporter-output>
          </reporter-output>
        </test-method> <!-- AfterMethod -->
        <test-method status="PASS" signature="afterClass()[pri:0, instance:TestNGAnnotations.Module3@13b6d03]" name="afterClass" is-config="true" duration-ms="0" started-at="2019-03-26T05:47:14Z" finished-at="2019-03-26T05:47:14Z">
          <reporter-output>
          </reporter-output>
        </test-method> <!-- afterClass -->
      </class> <!-- TestNGAnnotations.Module3 -->
    </test> <!-- Test 1 -->
    <test name="Test 2" duration-ms="38" started-at="2019-03-26T00:17:14Z" finished-at="2019-03-26T00:17:14Z">
      <class name="TestNGAnnotations.Module2">
        <test-method status="PASS" signature="beforeTest()[pri:0, instance:TestNGAnnotations.Module2@3834d63f]" name="beforeTest" is-config="true" duration-ms="1" started-at="2019-03-26T05:47:14Z" finished-at="2019-03-26T05:47:14Z">
          <reporter-output>
          </reporter-output>
        </test-method> <!-- beforeTest -->
        <test-method status="PASS" signature="beforeClass()[pri:0, instance:TestNGAnnotations.Module2@3834d63f]" name="beforeClass" is-config="true" duration-ms="1" started-at="2019-03-26T05:47:14Z" finished-at="2019-03-26T05:47:14Z">
          <reporter-output>
          </reporter-output>
        </test-method> <!-- beforeClass -->
        <test-method status="PASS" signature="test2()[pri:0, instance:TestNGAnnotations.Module2@3834d63f]" name="test2" duration-ms="1" started-at="2019-03-26T05:47:14Z" finished-at="2019-03-26T05:47:14Z">
          <reporter-output>
          </reporter-output>
        </test-method> <!-- test2 -->
        <test-method status="PASS" signature="beforeMethod()[pri:0, instance:TestNGAnnotations.Module2@3834d63f]" name="beforeMethod" is-config="true" duration-ms="0" started-at="2019-03-26T05:47:14Z" finished-at="2019-03-26T05:47:14Z">
          <reporter-output>
          </reporter-output>
        </test-method> <!-- beforeMethod -->
        <test-method status="PASS" signature="AfterMethod()[pri:0, instance:TestNGAnnotations.Module2@3834d63f]" name="AfterMethod" is-config="true" duration-ms="1" started-at="2019-03-26T05:47:14Z" finished-at="2019-03-26T05:47:14Z">
          <reporter-output>
          </reporter-output>
        </test-method> <!-- AfterMethod -->
        <test-method status="PASS" signature="beforeMethod()[pri:0, instance:TestNGAnnotations.Module2@3834d63f]" name="beforeMethod" is-config="true" duration-ms="1" started-at="2019-03-26T05:47:14Z" finished-at="2019-03-26T05:47:14Z">
          <reporter-output>
          </reporter-output>
        </test-method> <!-- beforeMethod -->
        <test-method status="PASS" signature="test1()[pri:1, instance:TestNGAnnotations.Module2@3834d63f]" name="test1" duration-ms="1" started-at="2019-03-26T05:47:14Z" finished-at="2019-03-26T05:47:14Z">
          <reporter-output>
          </reporter-output>
        </test-method> <!-- test1 -->
        <test-method status="PASS" signature="AfterMethod()[pri:0, instance:TestNGAnnotations.Module2@3834d63f]" name="AfterMethod" is-config="true" duration-ms="0" started-at="2019-03-26T05:47:14Z" finished-at="2019-03-26T05:47:14Z">
          <reporter-output>
          </reporter-output>
        </test-method> <!-- AfterMethod -->
        <test-method status="PASS" signature="beforeMethod()[pri:0, instance:TestNGAnnotations.Module2@3834d63f]" name="beforeMethod" is-config="true" duration-ms="1" started-at="2019-03-26T05:47:14Z" finished-at="2019-03-26T05:47:14Z">
          <reporter-output>
          </reporter-output>
        </test-method> <!-- beforeMethod -->
        <test-method status="PASS" signature="test3()[pri:2, instance:TestNGAnnotations.Module2@3834d63f]" name="test3" duration-ms="1" started-at="2019-03-26T05:47:14Z" finished-at="2019-03-26T05:47:14Z">
          <reporter-output>
          </reporter-output>
        </test-method> <!-- test3 -->
        <test-method status="PASS" signature="AfterMethod()[pri:0, instance:TestNGAnnotations.Module2@3834d63f]" name="AfterMethod" is-config="true" duration-ms="2" started-at="2019-03-26T05:47:14Z" finished-at="2019-03-26T05:47:14Z">
          <reporter-output>
          </reporter-output>
        </test-method> <!-- AfterMethod -->
        <test-method status="PASS" signature="beforeMethod()[pri:0, instance:TestNGAnnotations.Module2@3834d63f]" name="beforeMethod" is-config="true" duration-ms="1" started-at="2019-03-26T05:47:14Z" finished-at="2019-03-26T05:47:14Z">
          <reporter-output>
          </reporter-output>
        </test-method> <!-- beforeMethod -->
        <test-method status="PASS" signature="test4()[pri:3, instance:TestNGAnnotations.Module2@3834d63f]" name="test4" duration-ms="1" started-at="2019-03-26T05:47:14Z" finished-at="2019-03-26T05:47:14Z">
          <reporter-output>
          </reporter-output>
        </test-method> <!-- test4 -->
        <test-method status="PASS" signature="AfterMethod()[pri:0, instance:TestNGAnnotations.Module2@3834d63f]" name="AfterMethod" is-config="true" duration-ms="0" started-at="2019-03-26T05:47:14Z" finished-at="2019-03-26T05:47:14Z">
          <reporter-output>
          </reporter-output>
        </test-method> <!-- AfterMethod -->
        <test-method status="PASS" signature="afterClass()[pri:0, instance:TestNGAnnotations.Module2@3834d63f]" name="afterClass" is-config="true" duration-ms="0" started-at="2019-03-26T05:47:14Z" finished-at="2019-03-26T05:47:14Z">
          <reporter-output>
          </reporter-output>
        </test-method> <!-- afterClass -->
        <test-method status="PASS" signature="afterTest()[pri:0, instance:TestNGAnnotations.Module2@3834d63f]" name="afterTest" is-config="true" duration-ms="0" started-at="2019-03-26T05:47:14Z" finished-at="2019-03-26T05:47:14Z">
          <reporter-output>
          </reporter-output>
        </test-method> <!-- afterTest -->
      </class> <!-- TestNGAnnotations.Module2 -->
      <class name="TestNGAnnotations.Module1">
        <test-method status="PASS" signature="beforeSuite()[pri:0, instance:TestNGAnnotations.Module1@282ba1e]" name="beforeSuite" is-config="true" duration-ms="16" started-at="2019-03-26T05:47:14Z" finished-at="2019-03-26T05:47:14Z">
          <reporter-output>
          </reporter-output>
        </test-method> <!-- beforeSuite -->
        <test-method status="PASS" signature="afterSuite()[pri:0, instance:TestNGAnnotations.Module1@282ba1e]" name="afterSuite" is-config="true" duration-ms="0" started-at="2019-03-26T05:47:14Z" finished-at="2019-03-26T05:47:14Z">
          <reporter-output>
          </reporter-output>
        </test-method> <!-- afterSuite -->
      </class> <!-- TestNGAnnotations.Module1 -->
      <class name="TestNGAnnotations.Module4">
        <test-method status="PASS" signature="beforeClass()[pri:0, instance:TestNGAnnotations.Module4@1ae369b7]" name="beforeClass" is-config="true" duration-ms="0" started-at="2019-03-26T05:47:14Z" finished-at="2019-03-26T05:47:14Z">
          <reporter-output>
          </reporter-output>
        </test-method> <!-- beforeClass -->
        <test-method status="PASS" signature="beforeMethod()[pri:0, instance:TestNGAnnotations.Module4@1ae369b7]" name="beforeMethod" is-config="true" duration-ms="0" started-at="2019-03-26T05:47:14Z" finished-at="2019-03-26T05:47:14Z">
          <reporter-output>
          </reporter-output>
        </test-method> <!-- beforeMethod -->
        <test-method status="PASS" signature="test2()[pri:0, instance:TestNGAnnotations.Module4@1ae369b7]" name="test2" duration-ms="1" started-at="2019-03-26T05:47:14Z" finished-at="2019-03-26T05:47:14Z">
          <reporter-output>
          </reporter-output>
        </test-method> <!-- test2 -->
        <test-method status="PASS" signature="AfterMethod()[pri:0, instance:TestNGAnnotations.Module4@1ae369b7]" name="AfterMethod" is-config="true" duration-ms="1" started-at="2019-03-26T05:47:14Z" finished-at="2019-03-26T05:47:14Z">
          <reporter-output>
          </reporter-output>
        </test-method> <!-- AfterMethod -->
        <test-method status="PASS" signature="test1()[pri:1, instance:TestNGAnnotations.Module4@1ae369b7]" name="test1" duration-ms="1" started-at="2019-03-26T05:47:14Z" finished-at="2019-03-26T05:47:14Z">
          <reporter-output>
          </reporter-output>
        </test-method> <!-- test1 -->
        <test-method status="PASS" signature="beforeMethod()[pri:0, instance:TestNGAnnotations.Module4@1ae369b7]" name="beforeMethod" is-config="true" duration-ms="0" started-at="2019-03-26T05:47:14Z" finished-at="2019-03-26T05:47:14Z">
          <reporter-output>
          </reporter-output>
        </test-method> <!-- beforeMethod -->
        <test-method status="PASS" signature="AfterMethod()[pri:0, instance:TestNGAnnotations.Module4@1ae369b7]" name="AfterMethod" is-config="true" duration-ms="0" started-at="2019-03-26T05:47:14Z" finished-at="2019-03-26T05:47:14Z">
          <reporter-output>
          </reporter-output>
        </test-method> <!-- AfterMethod -->
        <test-method status="PASS" signature="beforeMethod()[pri:0, instance:TestNGAnnotations.Module4@1ae369b7]" name="beforeMethod" is-config="true" duration-ms="0" started-at="2019-03-26T05:47:14Z" finished-at="2019-03-26T05:47:14Z">
          <reporter-output>
          </reporter-output>
        </test-method> <!-- beforeMethod -->
        <test-method status="PASS" signature="test3()[pri:2, instance:TestNGAnnotations.Module4@1ae369b7]" name="test3" duration-ms="1" started-at="2019-03-26T05:47:14Z" finished-at="2019-03-26T05:47:14Z">
          <reporter-output>
          </reporter-output>
        </test-method> <!-- test3 -->
        <test-method status="PASS" signature="AfterMethod()[pri:0, instance:TestNGAnnotations.Module4@1ae369b7]" name="AfterMethod" is-config="true" duration-ms="0" started-at="2019-03-26T05:47:14Z" finished-at="2019-03-26T05:47:14Z">
          <reporter-output>
          </reporter-output>
        </test-method> <!-- AfterMethod -->
        <test-method status="PASS" signature="beforeMethod()[pri:0, instance:TestNGAnnotations.Module4@1ae369b7]" name="beforeMethod" is-config="true" duration-ms="1" started-at="2019-03-26T05:47:14Z" finished-at="2019-03-26T05:47:14Z">
          <reporter-output>
          </reporter-output>
        </test-method> <!-- beforeMethod -->
        <test-method status="PASS" signature="test4()[pri:3, instance:TestNGAnnotations.Module4@1ae369b7]" name="test4" duration-ms="0" started-at="2019-03-26T05:47:14Z" finished-at="2019-03-26T05:47:14Z">
          <reporter-output>
          </reporter-output>
        </test-method> <!-- test4 -->
        <test-method status="PASS" signature="AfterMethod()[pri:0, instance:TestNGAnnotations.Module4@1ae369b7]" name="AfterMethod" is-config="true" duration-ms="0" started-at="2019-03-26T05:47:14Z" finished-at="2019-03-26T05:47:14Z">
          <reporter-output>
          </reporter-output>
        </test-method> <!-- AfterMethod -->
        <test-method status="PASS" signature="afterClass()[pri:0, instance:TestNGAnnotations.Module4@1ae369b7]" name="afterClass" is-config="true" duration-ms="2" started-at="2019-03-26T05:47:14Z" finished-at="2019-03-26T05:47:14Z">
          <reporter-output>
          </reporter-output>
        </test-method> <!-- afterClass -->
      </class> <!-- TestNGAnnotations.Module4 -->
    </test> <!-- Test 2 -->
  </suite> <!-- Suite -->
</testng-results>
